#
# There is insufficient memory for the Java Runtime Environment to continue.
# Native memory allocation (mmap) failed to map 67108864 bytes for G1 virtual space
# Possible reasons:
#   The system is out of physical RAM or swap space
#   The process is running with CompressedOops enabled, and the Java Heap may be blocking the growth of the native heap
# Possible solutions:
#   Reduce memory load on the system
#   Increase physical memory or swap space
#   Check if swap backing store is full
#   Decrease Java heap size (-Xmx/-Xms)
#   Decrease number of Java threads
#   Decrease Java thread stack sizes (-Xss)
#   Set larger code cache with -XX:ReservedCodeCacheSize=
#   JVM is running with Unscaled Compressed Oops mode in which the Java heap is
#     placed in the first 4GB address space. The Java Heap base address is the
#     maximum limit for the native heap growth. Please use -XX:HeapBaseMinAddress
#     to set the Java Heap base and to place the Java Heap above 4GB virtual address.
# This output file may be truncated or incomplete.
#
#  Out of Memory Error (os_windows.cpp:3550), pid=13568, tid=10704
#
# JRE version:  (17.0.7+8) (build )
# Java VM: Java HotSpot(TM) 64-Bit Server VM (17.0.7+8-LTS-224, mixed mode, sharing, tiered, compressed oops, compressed class ptrs, g1 gc, windows-amd64)
# No core dump will be written. Minidumps are not enabled by default on client versions of Windows
#

---------------  S U M M A R Y ------------

Command Line: -Dfile.encoding=UTF-8 -XX:+ShowCodeDetailsInExceptionMessages org.apache.catalina.startup.Tomcat$1

Host: Intel(R) Core(TM) i5-7200U CPU @ 2.50GHz, 4 cores, 3G,  Windows 10 , 64 bit Build 19041 (10.0.19041.3155)
Time: Mon Oct  9 16:16:38 2023  Windows 10 , 64 bit Build 19041 (10.0.19041.3155) elapsed time: 0.079509 seconds (0d 0h 0m 0s)

---------------  T H R E A D  ---------------

Current thread (0x000002c65e076100):  JavaThread "Unknown thread" [_thread_in_vm, id=10704, stack(0x000000d4a7100000,0x000000d4a7200000)]

Stack: [0x000000d4a7100000,0x000000d4a7200000]
Native frames: (J=compiled Java code, j=interpreted, Vv=VM code, C=native code)
V  [jvm.dll+0x676a4a]
V  [jvm.dll+0x7d74f4]
V  [jvm.dll+0x7d8c9e]
V  [jvm.dll+0x7d9303]
V  [jvm.dll+0x2452c5]
V  [jvm.dll+0x6738f9]
V  [jvm.dll+0x668232]
V  [jvm.dll+0x302826]
V  [jvm.dll+0x309da6]
V  [jvm.dll+0x35952e]
V  [jvm.dll+0x35975f]
V  [jvm.dll+0x2d9a38]
V  [jvm.dll+0x2da9a4]
V  [jvm.dll+0x7a8fb1]
V  [jvm.dll+0x3670e1]
V  [jvm.dll+0x788359]
V  [jvm.dll+0x3ea5ef]
V  [jvm.dll+0x3ec071]
C  [jli.dll+0x5297]
C  [ucrtbase.dll+0x21bb2]
C  [KERNEL32.DLL+0x17614]
C  [ntdll.dll+0x526b1]


---------------  P R O C E S S  ---------------

Threads class SMR info:
_java_thread_list=0x00007ffb65b34998, length=0, elements={
}

Java Threads: ( => current thread )

Other Threads:
  0x000002c65e0b0290 GCTaskThread "GC Thread#0" [stack: 0x000000d4a7200000,0x000000d4a7300000] [id=15632]
  0x000002c65e0bae30 ConcurrentGCThread "G1 Main Marker" [stack: 0x000000d4a7300000,0x000000d4a7400000] [id=16064]
  0x000002c65e0bc4b0 ConcurrentGCThread "G1 Conc#0" [stack: 0x000000d4a7400000,0x000000d4a7500000] [id=2572]

[error occurred during error reporting (printing all threads), id 0xc0000005, EXCEPTION_ACCESS_VIOLATION (0xc0000005) at pc=0x00007ffb6536a697]

VM state: not at safepoint (not fully initialized)

VM Mutex/Monitor currently owned by a thread:  ([mutex/lock_event])
[0x000002c65e072200] Heap_lock - owner thread: 0x000002c65e076100

Heap address: 0x00000000c1600000, size: 1002 MB, Compressed Oops mode: 32-bit

CDS archive(s) mapped at: [0x0000000000000000-0x0000000000000000-0x0000000000000000), size 0, SharedBaseAddress: 0x0000000800000000, ArchiveRelocationMode: 0.
Narrow klass base: 0x0000000000000000, Narrow klass shift: 0, Narrow klass range: 0x0

GC Precious Log:
<Empty>

Heap:
 garbage-first heap   total 0K, used 0K [0x00000000c1600000, 0x0000000100000000)
  region size 1024K, 0 young (0K), 0 survivors (0K)

[error occurred during error reporting (printing heap information), id 0xc0000005, EXCEPTION_ACCESS_VIOLATION (0xc0000005) at pc=0x00007ffb657500b9]

GC Heap History (0 events):
No events

Deoptimization events (0 events):
No events

Classes unloaded (0 events):
No events

Classes redefined (0 events):
No events

Internal exceptions (0 events):
No events

VM Operations (0 events):
No events

Events (1 events):
Event: 0.047 Loaded shared library C:\Program Files\Java\jdk-17\bin\java.dll


Dynamic libraries:
0x00007ff732180000 - 0x00007ff732190000 	C:\Program Files\Java\jdk-17\bin\javaw.exe
0x00007ffbaaef0000 - 0x00007ffbab0e8000 	C:\WINDOWS\SYSTEM32\ntdll.dll
0x00007ffbaa5c0000 - 0x00007ffbaa67f000 	C:\WINDOWS\System32\KERNEL32.DLL
0x00007ffba85d0000 - 0x00007ffba88c6000 	C:\WINDOWS\System32\KERNELBASE.dll
0x00007ffba8e50000 - 0x00007ffba8f50000 	C:\WINDOWS\System32\ucrtbase.dll
0x00007ffba0140000 - 0x00007ffba0159000 	C:\Program Files\Java\jdk-17\bin\jli.dll
0x00007ffba9e70000 - 0x00007ffba9f1f000 	C:\WINDOWS\System32\ADVAPI32.dll
0x00007ffba9350000 - 0x00007ffba93ee000 	C:\WINDOWS\System32\msvcrt.dll
0x00007ffba9d20000 - 0x00007ffba9dbc000 	C:\WINDOWS\System32\sechost.dll
0x00007ffba9bf0000 - 0x00007ffba9d16000 	C:\WINDOWS\System32\RPCRT4.dll
0x00007ffba2020000 - 0x00007ffba203b000 	C:\Program Files\Java\jdk-17\bin\VCRUNTIME140.dll
0x00007ffba9020000 - 0x00007ffba91bd000 	C:\WINDOWS\System32\USER32.dll
0x00007ffba8c30000 - 0x00007ffba8c52000 	C:\WINDOWS\System32\win32u.dll
0x00007ffba91d0000 - 0x00007ffba91fc000 	C:\WINDOWS\System32\GDI32.dll
0x00007ffba8900000 - 0x00007ffba8a15000 	C:\WINDOWS\System32\gdi32full.dll
0x00007ffba8c60000 - 0x00007ffba8cfd000 	C:\WINDOWS\System32\msvcp_win.dll
0x00007ffba3e70000 - 0x00007ffba3e7a000 	C:\WINDOWS\SYSTEM32\VERSION.dll
0x00007ffb91270000 - 0x00007ffb9150a000 	C:\WINDOWS\WinSxS\amd64_microsoft.windows.common-controls_6595b64144ccf1df_6.0.19041.1110_none_60b5254171f9507e\COMCTL32.dll
0x00007ffba95c0000 - 0x00007ffba95f0000 	C:\WINDOWS\System32\IMM32.DLL
0x00007ffb89510000 - 0x00007ffb8967b000 	C:\WINDOWS\system32\tmumh\20019\AddOn\8.55.0.1129\TmUmEvt64.dll
0x00007ffba91c0000 - 0x00007ffba91c8000 	C:\WINDOWS\System32\PSAPI.DLL
0x000000006a7f0000 - 0x000000006a963000 	C:\WINDOWS\system32\tmumh\20019\TmMon\2.9.0.1051\tmmon64.dll
0x00007ffba2010000 - 0x00007ffba201c000 	C:\Program Files\Java\jdk-17\bin\vcruntime140_1.dll
0x00007ffb880c0000 - 0x00007ffb8814e000 	C:\Program Files\Java\jdk-17\bin\msvcp140.dll
0x00007ffb65080000 - 0x00007ffb65c5d000 	C:\Program Files\Java\jdk-17\bin\server\jvm.dll
0x00007ffb91930000 - 0x00007ffb91939000 	C:\WINDOWS\SYSTEM32\WSOCK32.dll
0x00007ffba97c0000 - 0x00007ffba982b000 	C:\WINDOWS\System32\WS2_32.dll
0x00007ffb89120000 - 0x00007ffb89147000 	C:\WINDOWS\SYSTEM32\WINMM.dll
0x00007ffba6f40000 - 0x00007ffba6f52000 	C:\WINDOWS\SYSTEM32\kernel.appcore.dll
0x00007ffba2410000 - 0x00007ffba241a000 	C:\Program Files\Java\jdk-17\bin\jimage.dll
0x00007ffba69d0000 - 0x00007ffba6bb4000 	C:\WINDOWS\SYSTEM32\DBGHELP.DLL
0x00007ffb92b20000 - 0x00007ffb92b54000 	C:\WINDOWS\SYSTEM32\dbgcore.DLL
0x00007ffba8d00000 - 0x00007ffba8d82000 	C:\WINDOWS\System32\bcryptPrimitives.dll
0x00007ffb99fe0000 - 0x00007ffb9a005000 	C:\Program Files\Java\jdk-17\bin\java.dll

dbghelp: loaded successfully - version: 4.0.5 - missing functions: none
symbol engine: initialized successfully - sym options: 0x614 - pdb path: .;C:\Program Files\Java\jdk-17\bin;C:\WINDOWS\SYSTEM32;C:\WINDOWS\WinSxS\amd64_microsoft.windows.common-controls_6595b64144ccf1df_6.0.19041.1110_none_60b5254171f9507e;C:\WINDOWS\system32\tmumh\20019\AddOn\8.55.0.1129;C:\WINDOWS\system32\tmumh\20019\TmMon\2.9.0.1051;C:\Program Files\Java\jdk-17\bin\server

VM Arguments:
jvm_args: -Dfile.encoding=UTF-8 -XX:+ShowCodeDetailsInExceptionMessages 
java_command: org.apache.catalina.startup.Tomcat$1
java_class_path (initial): C:\Users\DPT_User_1\eclipse-workspace\BBS\build\classes;C:\Users\DPT_User_1\Desktop\JSP\apache-tomcat-8.5.93\lib\annotations-api.jar;C:\Users\DPT_User_1\Desktop\JSP\apache-tomcat-8.5.93\lib\catalina-ant.jar;C:\Users\DPT_User_1\Desktop\JSP\apache-tomcat-8.5.93\lib\catalina-ha.jar;C:\Users\DPT_User_1\Desktop\JSP\apache-tomcat-8.5.93\lib\catalina-storeconfig.jar;C:\Users\DPT_User_1\Desktop\JSP\apache-tomcat-8.5.93\lib\catalina-tribes.jar;C:\Users\DPT_User_1\Desktop\JSP\apache-tomcat-8.5.93\lib\catalina.jar;C:\Users\DPT_User_1\Desktop\JSP\apache-tomcat-8.5.93\lib\ecj-4.6.3.jar;C:\Users\DPT_User_1\Desktop\JSP\apache-tomcat-8.5.93\lib\el-api.jar;C:\Users\DPT_User_1\Desktop\JSP\apache-tomcat-8.5.93\lib\jasper-el.jar;C:\Users\DPT_User_1\Desktop\JSP\apache-tomcat-8.5.93\lib\jasper.jar;C:\Users\DPT_User_1\Desktop\JSP\apache-tomcat-8.5.93\lib\jaspic-api.jar;C:\Users\DPT_User_1\Desktop\JSP\apache-tomcat-8.5.93\lib\jsp-api.jar;C:\Users\DPT_User_1\Desktop\JSP\apache-tomcat-8.5.93\lib\servlet-api.jar;C:\Users\DPT_User_1\Desktop\JSP\apache-tomcat-8.5.93\lib\tomcat-api.jar;C:\Users\DPT_User_1\Desktop\JSP\apache-tomcat-8.5.93\lib\tomcat-coyote.jar;C:\Users\DPT_User_1\Desktop\JSP\apache-tomcat-8.5.93\lib\tomcat-dbcp.jar;C:\Users\DPT_User_1\Desktop\JSP\apache-tomcat-8.5.93\lib\tomcat-i18n-de.jar;C:\Users\DPT_User_1\Desktop\JSP\apache-tomcat-8.5.93\lib\tomcat-i18n-es.jar;C:\Users\DPT_User_1\Desktop\JSP\apache-tomcat-8.5.93\lib\tomcat-i18n-fr.jar;C:\Users\DPT_User_1\Desktop\JSP\apache-tomcat-8.5.93\lib\tomcat-i18n-ja.jar;C:\Users\DPT_User_1\Desktop\JSP\apache-tomcat-8.5.93\lib\tomcat-i18n-ko.jar;C:\Users\DPT_User_1\Desktop\JSP\apache-tomcat-8.5.93\lib\tomcat-i18n-ru.jar;C:\Users\DPT_User_1\Desktop\JSP\apache-tomcat-8.5.93\lib\tomcat-i18n-zh-CN.jar;C:\Users\DPT_User_1\Desktop\JSP\apache-tomcat-8.5.93\lib\tomcat-jdbc.jar;C:\Users\DPT_User_1\Desktop\JSP\apache-tomcat-8.5.93\lib\tomcat-jni.jar;C:\Users\DPT_User_1\Desktop\JSP\apache-tomcat-8.5.93\lib\tomcat-util-s
Launcher Type: SUN_STANDARD

[Global flags]
     intx CICompilerCount                          = 3                                         {product} {ergonomic}
     uint ConcGCThreads                            = 1                                         {product} {ergonomic}
     uint G1ConcRefinementThreads                  = 4                                         {product} {ergonomic}
   size_t G1HeapRegionSize                         = 1048576                                   {product} {ergonomic}
    uintx GCDrainStackTargetSize                   = 64                                        {product} {ergonomic}
   size_t InitialHeapSize                          = 67108864                                  {product} {ergonomic}
   size_t MarkStackSize                            = 4194304                                   {product} {ergonomic}
   size_t MaxHeapSize                              = 1050673152                                {product} {ergonomic}
   size_t MinHeapDeltaBytes                        = 1048576                                   {product} {ergonomic}
   size_t MinHeapSize                              = 8388608                                   {product} {ergonomic}
    uintx NonNMethodCodeHeapSize                   = 5832780                                {pd product} {ergonomic}
    uintx NonProfiledCodeHeapSize                  = 122912730                              {pd product} {ergonomic}
    uintx ProfiledCodeHeapSize                     = 122912730                              {pd product} {ergonomic}
    uintx ReservedCodeCacheSize                    = 251658240                              {pd product} {ergonomic}
     bool SegmentedCodeCache                       = true                                      {product} {ergonomic}
     bool ShowCodeDetailsInExceptionMessages       = true                                   {manageable} {command line}
   size_t SoftMaxHeapSize                          = 1050673152                             {manageable} {ergonomic}
     bool UseCompressedClassPointers               = true                           {product lp64_product} {ergonomic}
     bool UseCompressedOops                        = true                           {product lp64_product} {ergonomic}
     bool UseG1GC                                  = true                                      {product} {ergonomic}
     bool UseLargePagesIndividualAllocation        = false                                  {pd product} {ergonomic}

Logging:
Log output configuration:
 #0: stdout all=warning uptime,level,tags
 #1: stderr all=off uptime,level,tags

Environment Variables:
JAVA_HOME=C:\Program Files\Java\jdk-17
CLASSPATH=.;C:\Program Files\Java\jdk-17\lib;
PATH=C:/Program Files/Java/jdk-17/bin/server;C:/Program Files/Java/jdk-17/bin;"C:\Program Files\Java\jdk-17\bin;";C:\Program Files\Common Files\Oracle\Java\javapath;C:\WINDOWS\system32;C:\WINDOWS;C:\WINDOWS\System32\Wbem;C:\WINDOWS\System32\WindowsPowerShell\v1.0\;C:\WINDOWS\System32\OpenSSH\;c:\Program Files (x86)\Intel\Intel(R) Management Engine Components\DAL;c:\Program Files\Intel\Intel(R) Management Engine Components\DAL;C:\Program Files\Microsoft SQL Server\150\Tools\Binn\;C:\Program Files\dotnet\;C:\Program Files\WinMerge;C:\Program Files\MySQL\MySQL Shell 8.0\bin\;C:\Program Files\Java\jdk-17\bin;C:\Users\DPT_User_1\AppData\Local\Microsoft\WindowsApps;C:\Program Files\JetBrains\PyCharm 2021.2.2\bin;;C:\Users\DPT_User_1\AppData\Local\Android\Sdk\platform-tools;C:\Users\DPT_User_1\.dotnet\tools;C:\Program Files\Java\jdk-17\bin;C:\Program Files\Java\jre-1.8\bin;C:\Program Files\Java\jdk1.8.0_202\bin;;C:\Users\DPT_User_1\Desktop;
USERNAME=DPT_User_1
OS=Windows_NT
PROCESSOR_IDENTIFIER=Intel64 Family 6 Model 142 Stepping 9, GenuineIntel



---------------  S Y S T E M  ---------------

OS:
 Windows 10 , 64 bit Build 19041 (10.0.19041.3155)
OS uptime: 9 days 23:38 hours
Hyper-V role detected

CPU: total 4 (initial active 4) (2 cores per cpu, 2 threads per core) family 6 model 142 stepping 9 microcode 0xec, cx8, cmov, fxsr, ht, mmx, 3dnowpref, sse, sse2, sse3, ssse3, sse4.1, sse4.2, popcnt, lzcnt, tsc, tscinvbit, avx, avx2, aes, erms, clmul, bmi1, bmi2, adx, fma, vzeroupper, clflush, clflushopt, hv

Memory: 4k page, system-wide physical 4003M (216M free)
TotalPageFile size 12195M (AvailPageFile size 8M)
current process WorkingSet (physical memory assigned to process): 12M, peak: 12M
current process commit charge ("private bytes"): 53M, peak: 117M

vm_info: Java HotSpot(TM) 64-Bit Server VM (17.0.7+8-LTS-224) for windows-amd64 JRE (17.0.7+8-LTS-224), built on Feb 28 2023 23:03:02 by "mach5one" with MS VC++ 17.1 (VS2022)

END.
